PLINK v1.90b1g 64-bit (10 Jun 2014)
10 arguments: --a2-allele /home/zhiyan/Liusiyi/ZXYH/Third/select/all/GGP1_vcf_ref.txt --extract ../../QTNid.txt --file /home/zhiyan/Liusiyi/ZXYH/Third/allind_vcf/landrace/landrace_GP1/GP1_L --out GP1_L --recode A
Hostname: cu01
Working directory: /home/zhiyan/Liusiyi/ZXYH/fifth/Phenotype/landrace/landrace_GP1
Start time: Wed Aug 31 22:13:30 2022

Random number seed: 1661955210
128407 MB RAM detected; reserving 64203 MB for main workspace.
Scanning .ped file... done.
Performing single-pass .bed write (39755 variants, 1000 people).
--file: GP1_L-temporary.bed + GP1_L-temporary.bim + GP1_L-temporary.fam
written.
39755 variants loaded from .bim file.
1000 people (0 males, 0 females, 1000 ambiguous) loaded from .fam.
Ambiguous sex IDs written to GP1_L.nosex .
--extract: 2000 variants remaining.
Using 1 thread (no multithreaded calculations invoked).
Calculating allele frequencies... done.
--a2-allele: 2000 assignments made.
2000 variants and 1000 people pass filters and QC.
Note: No phenotypes present.
--recode A to GP1_L.raw ... done.

End time: Wed Aug 31 22:13:32 2022
