PLINK v1.90b1g 64-bit (10 Jun 2014)
10 arguments: --a2-allele /home/zhiyan/Liusiyi/ZXYH/Third/select/all/GGP1_vcf_ref.txt --extract ../../QTNid.txt --file /home/zhiyan/Liusiyi/ZXYH/Third/allind_vcf/york/york_GP1/GP1_Y --out GP1_Y --recode A
Hostname: cu01
Working directory: /home/zhiyan/Liusiyi/ZXYH/fifth/Phenotype/york/york_GP1
Start time: Wed Aug 31 22:13:39 2022

Random number seed: 1661955219
128407 MB RAM detected; reserving 64203 MB for main workspace.
Scanning .ped file... done.
Performing single-pass .bed write (39755 variants, 5000 people).
--file: GP1_Y-temporary.bed + GP1_Y-temporary.bim + GP1_Y-temporary.fam
written.
39755 variants loaded from .bim file.
5000 people (0 males, 0 females, 5000 ambiguous) loaded from .fam.
Ambiguous sex IDs written to GP1_Y.nosex .
--extract: 2000 variants remaining.
Using 1 thread (no multithreaded calculations invoked).
Calculating allele frequencies... done.
--a2-allele: 2000 assignments made.
2000 variants and 5000 people pass filters and QC.
Note: No phenotypes present.
--recode A to GP1_Y.raw ... done.

End time: Wed Aug 31 22:13:44 2022
