PLINK v1.90b1g 64-bit (10 Jun 2014)
10 arguments: --a2-allele /home/zhiyan/Liusiyi/ZXYH/Third/select/all/GGP1_vcf_ref.txt --extract ../../QTNid.txt --file /home/zhiyan/Liusiyi/ZXYH/Third/allind_vcf/duroc/duroc_GP3/GP3_D --out GP3_D --recode A
Hostname: cu01
Working directory: /home/zhiyan/Liusiyi/ZXYH/fifth/Phenotype/duroc/duroc_GP3
Start time: Wed Aug 31 22:13:28 2022

Random number seed: 1661955208
128407 MB RAM detected; reserving 64203 MB for main workspace.
Scanning .ped file... done.
Performing single-pass .bed write (39755 variants, 500 people).
--file: GP3_D-temporary.bed + GP3_D-temporary.bim + GP3_D-temporary.fam
written.
39755 variants loaded from .bim file.
500 people (0 males, 0 females, 500 ambiguous) loaded from .fam.
Ambiguous sex IDs written to GP3_D.nosex .
--extract: 2000 variants remaining.
Using 1 thread (no multithreaded calculations invoked).
Calculating allele frequencies... done.
--a2-allele: 2000 assignments made.
2000 variants and 500 people pass filters and QC.
Note: No phenotypes present.
--recode A to GP3_D.raw ... done.

End time: Wed Aug 31 22:13:29 2022
